<?xml version="1.0" encoding="UTF-8"?>
<!-- Generated by org.testng.reporters.JUnitXMLReporter -->
<testsuite ignored="0" hostname="sinchana" failures="0" tests="15" name="Test" time="0.202" errors="0" timestamp="2023-09-01T11:06:10 IST">
  <testcase classname="com.actitime.testscript.Customermod" name="createcustomer" time="0.013"/>
  <testcase classname="com.actitime.testscript.Customermod" name="deletecustomer" time="0.003"/>
  <testcase classname="com.actitime.testscript.Customermod" name="modifycustomer" time="0.002"/>
  <testcase classname="com.actitime.testscript.Projectmod" name="createproject" time="0.003"/>
  <testcase classname="com.actitime.testscript.Projectmod" name="deleteproject" time="0.002"/>
  <testcase classname="com.actitime.testscript.Projectmod" name="modifyproject" time="0.001"/>
  <testcase classname="com.actitime.testscript.DemoTestNG" name="demo" time="0.001"/>
  <testcase classname="com.actitime.testscript.Taskmod" name="createproject" time="0.002"/>
  <testcase classname="com.actitime.testscript.Taskmod" name="deleteproject" time="0.005"/>
  <testcase classname="com.actitime.testscript.Taskmod" name="modifyproject" time="0.005"/>
  <testcase classname="com.actitime.testscript.CustomerModule" name="createcustomer" time="0.002"/>
  <testcase classname="com.actitime.testscript.CustomerModule" name="createcustomer" time="0.004"/>
  <testcase classname="com.actitime.testscript.CustomerModule" name="createcustomer" time="0.005"/>
  <testcase classname="com.actitime.testscript.CustomerModule" name="modifycustomer" time="0.007"/>
  <testcase classname="com.actitime.testscript.CustomerModule" name="deletecustomer" time="0.003"/>
</testsuite> <!-- Test -->
